<?xml version="1.0" encoding="UTF-8"?>
<!-- Generated by org.testng.reporters.JUnitReportReporter -->
<testsuite hostname="DESKTOP-TJL6MBM" failures="0" tests="1" name="com.osa.base.Browser" time="10.405" errors="0" timestamp="2021-03-14T12:13:51 EDT" skipped="0">
  <testcase classname="com.osa.base.Browser" name="browserOpen" time="10.405"/>
  <system-out/>
</testsuite> <!-- com.osa.base.Browser -->
