<?xml version="1.0" encoding="UTF-8"?>
<!-- Generated by org.testng.reporters.JUnitReportReporter -->
<testsuite hostname="DESKTOP-TJL6MBM" failures="0" tests="3" name="com.osa.base.Browser" time="4.355" errors="0" timestamp="2021-03-15T12:36:15 EDT" skipped="0">
  <testcase classname="com.osa.base.Browser" name="logo" time="0.063"/>
  <system-out/>
  <testcase classname="com.osa.base.Browser" name="login" time="1.312"/>
  <system-out/>
  <testcase classname="com.osa.base.Browser" name="studentPage" time="2.980"/>
  <system-out/>
</testsuite> <!-- com.osa.base.Browser -->
