<?xml version="1.0" encoding="UTF-8"?>
<!-- Generated by org.testng.reporters.JUnitReportReporter -->
<testsuite hostname="DESKTOP-TJL6MBM" failures="0" tests="3" name="com.osa.base.Browser" time="3.964" errors="0" timestamp="2021-03-14T12:57:47 EDT" skipped="0">
  <testcase classname="com.osa.base.Browser" name="logo" time="0.036"/>
  <system-out/>
  <testcase classname="com.osa.base.Browser" name="login" time="1.114"/>
  <system-out/>
  <testcase classname="com.osa.base.Browser" name="studentPage" time="2.814"/>
  <system-out/>
</testsuite> <!-- com.osa.base.Browser -->
